# JRE version: OpenJDK Runtime Environment Temurin-17.0.12+7 (17.0.12+7) (build 17.0.12+7)
# Java VM: OpenJDK 64-Bit Server VM Temurin-17.0.12+7 (17.0.12+7, mixed mode, sharing, tiered, compressed oops, compressed class ptrs, g1 gc, windows-amd64)
GC Precious Log:
 CPUs: 12 total, 12 available
 Memory: 7876M
 Large Page Support: Disabled
 NUMA Support: Disabled
 Compressed Oops: Enabled (32-bit)
 Heap Region Size: 1M
 Heap Min Capacity: 8M
 Heap Initial Capacity: 124M
 Heap Max Capacity: 1970M
 Pre-touch: Disabled
 Parallel Workers: 10
 Concurrent Workers: 3
 Concurrent Refinement Workers: 10
 Periodic GC: Disabled
Heap:
 garbage-first heap   total 234496K, used 107699K [0x0000000084e00000, 0x0000000100000000)
  region size 1024K, 43 young (44032K), 15 survivors (15360K)
 Metaspace       used 19288K, committed 19648K, reserved 1114112K
  class space    used 2134K, committed 2304K, reserved 1048576K
GC Heap History (20 events):
Event: 0.752 GC heap before
{Heap before GC invocations=0 (full 0):
 garbage-first heap   total 126976K, used 23552K [0x0000000084e00000, 0x0000000100000000)
  region size 1024K, 23 young (23552K), 0 survivors (0K)
 Metaspace       used 2655K, committed 2816K, reserved 1114112K
  class space    used 275K, committed 384K, reserved 1048576K
}
Event: 0.758 GC heap after
{Heap after GC invocations=1 (full 0):
 garbage-first heap   total 126976K, used 2528K [0x0000000084e00000, 0x0000000100000000)
  region size 1024K, 3 young (3072K), 3 survivors (3072K)
 Metaspace       used 2655K, committed 2816K, reserved 1114112K
  class space    used 275K, committed 384K, reserved 1048576K
}
Event: 2.253 GC heap before
{Heap before GC invocations=1 (full 0):
 garbage-first heap   total 126976K, used 38368K [0x0000000084e00000, 0x0000000100000000)
  region size 1024K, 37 young (37888K), 3 survivors (3072K)
 Metaspace       used 13318K, committed 13632K, reserved 1114112K
  class space    used 1581K, committed 1728K, reserved 1048576K
}
Event: 2.266 GC heap after
{Heap after GC invocations=2 (full 0):
 garbage-first heap   total 126976K, used 8868K [0x0000000084e00000, 0x0000000100000000)
  region size 1024K, 5 young (5120K), 5 survivors (5120K)
 Metaspace       used 13318K, committed 13632K, reserved 1114112K
  class space    used 1581K, committed 1728K, reserved 1048576K
}
Event: 2.865 GC heap before
{Heap before GC invocations=2 (full 0):
 garbage-first heap   total 126976K, used 50852K [0x0000000084e00000, 0x0000000100000000)
  region size 1024K, 46 young (47104K), 5 survivors (5120K)
 Metaspace       used 16477K, committed 16832K, reserved 1114112K
  class space    used 1962K, committed 2112K, reserved 1048576K
}
Event: 2.881 GC heap after
{Heap after GC invocations=3 (full 0):
 garbage-first heap   total 126976K, used 14870K [0x0000000084e00000, 0x0000000100000000)
  region size 1024K, 6 young (6144K), 6 survivors (6144K)
 Metaspace       used 16477K, committed 16832K, reserved 1114112K
  class space    used 1962K, committed 2112K, reserved 1048576K
}
Event: 3.123 GC heap before
{Heap before GC invocations=3 (full 0):
 garbage-first heap   total 126976K, used 84502K [0x0000000084e00000, 0x0000000100000000)
  region size 1024K, 74 young (75776K), 6 survivors (6144K)
 Metaspace       used 16740K, committed 17088K, reserved 1114112K
  class space    used 1967K, committed 2112K, reserved 1048576K
}
Event: 3.145 GC heap after
{Heap after GC invocations=4 (full 0):
 garbage-first heap   total 126976K, used 23349K [0x0000000084e00000, 0x0000000100000000)
  region size 1024K, 10 young (10240K), 10 survivors (10240K)
 Metaspace       used 16740K, committed 17088K, reserved 1114112K
  class space    used 1967K, committed 2112K, reserved 1048576K
}
Event: 3.360 GC heap before
{Heap before GC invocations=4 (full 0):
 garbage-first heap   total 126976K, used 83765K [0x0000000084e00000, 0x0000000100000000)
  region size 1024K, 70 young (71680K), 10 survivors (10240K)
 Metaspace       used 16918K, committed 17216K, reserved 1114112K
  class space    used 1971K, committed 2112K, reserved 1048576K
}
Event: 3.378 GC heap after
{Heap after GC invocations=5 (full 0):
 garbage-first heap   total 126976K, used 30593K [0x0000000084e00000, 0x0000000100000000)
  region size 1024K, 9 young (9216K), 9 survivors (9216K)
 Metaspace       used 16918K, committed 17216K, reserved 1114112K
  class space    used 1971K, committed 2112K, reserved 1048576K
}
Event: 3.568 GC heap before
{Heap before GC invocations=5 (full 0):
 garbage-first heap   total 126976K, used 87937K [0x0000000084e00000, 0x0000000100000000)
  region size 1024K, 65 young (66560K), 9 survivors (9216K)
 Metaspace       used 17052K, committed 17408K, reserved 1114112K
  class space    used 1972K, committed 2112K, reserved 1048576K
}
Event: 3.592 GC heap after
{Heap after GC invocations=6 (full 0):
 garbage-first heap   total 126976K, used 37376K [0x0000000084e00000, 0x0000000100000000)
  region size 1024K, 7 young (7168K), 7 survivors (7168K)
 Metaspace       used 17052K, committed 17408K, reserved 1114112K
  class space    used 1972K, committed 2112K, reserved 1048576K
}
Event: 3.929 GC heap before
{Heap before GC invocations=6 (full 0):
 garbage-first heap   total 126976K, used 90624K [0x0000000084e00000, 0x0000000100000000)
  region size 1024K, 60 young (61440K), 7 survivors (7168K)
 Metaspace       used 17391K, committed 17728K, reserved 1114112K
  class space    used 1998K, committed 2176K, reserved 1048576K
}
Event: 3.944 GC heap after
{Heap after GC invocations=7 (full 0):
 garbage-first heap   total 234496K, used 41472K [0x0000000084e00000, 0x0000000100000000)
  region size 1024K, 5 young (5120K), 5 survivors (5120K)
 Metaspace       used 17391K, committed 17728K, reserved 1114112K
  class space    used 1998K, committed 2176K, reserved 1048576K
}
Event: 5.230 GC heap before
{Heap before GC invocations=7 (full 0):
 garbage-first heap   total 234496K, used 185856K [0x0000000084e00000, 0x0000000100000000)
  region size 1024K, 137 young (140288K), 5 survivors (5120K)
 Metaspace       used 18253K, committed 18624K, reserved 1114112K
  class space    used 2054K, committed 2240K, reserved 1048576K
}
Event: 5.244 GC heap after
{Heap after GC invocations=8 (full 0):
 garbage-first heap   total 234496K, used 45247K [0x0000000084e00000, 0x0000000100000000)
  region size 1024K, 9 young (9216K), 9 survivors (9216K)
 Metaspace       used 18253K, committed 18624K, reserved 1114112K
  class space    used 2054K, committed 2240K, reserved 1048576K
}
Event: 6.004 GC heap before
{Heap before GC invocations=8 (full 0):
 garbage-first heap   total 234496K, used 181439K [0x0000000084e00000, 0x0000000100000000)
  region size 1024K, 137 young (140288K), 9 survivors (9216K)
 Metaspace       used 18819K, committed 19200K, reserved 1114112K
  class space    used 2095K, committed 2240K, reserved 1048576K
}
Event: 6.021 GC heap after
{Heap after GC invocations=9 (full 0):
 garbage-first heap   total 234496K, used 64709K [0x0000000084e00000, 0x0000000100000000)
  region size 1024K, 18 young (18432K), 18 survivors (18432K)
 Metaspace       used 18819K, committed 19200K, reserved 1114112K
  class space    used 2095K, committed 2240K, reserved 1048576K
}
Event: 6.256 GC heap before
{Heap before GC invocations=9 (full 0):
 garbage-first heap   total 234496K, used 180421K [0x0000000084e00000, 0x0000000100000000)
  region size 1024K, 131 young (134144K), 18 survivors (18432K)
 Metaspace       used 18897K, committed 19200K, reserved 1114112K
  class space    used 2096K, committed 2240K, reserved 1048576K
}
Event: 6.278 GC heap after
{Heap after GC invocations=10 (full 0):
 garbage-first heap   total 234496K, used 80051K [0x0000000084e00000, 0x0000000100000000)
  region size 1024K, 15 young (15360K), 15 survivors (15360K)
 Metaspace       used 18897K, committed 19200K, reserved 1114112K
  class space    used 2096K, committed 2240K, reserved 1048576K
}

