# JRE version: OpenJDK Runtime Environment Temurin-17.0.12+7 (17.0.12+7) (build 17.0.12+7)
# Java VM: OpenJDK 64-Bit Server VM Temurin-17.0.12+7 (17.0.12+7, mixed mode, sharing, tiered, compressed oops, compressed class ptrs, g1 gc, windows-amd64)
GC Precious Log:
 CPUs: 12 total, 12 available
 Memory: 7876M
 Large Page Support: Disabled
 NUMA Support: Disabled
 Compressed Oops: Enabled (32-bit)
 Heap Region Size: 1M
 Heap Min Capacity: 8M
 Heap Initial Capacity: 124M
 Heap Max Capacity: 1970M
 Pre-touch: Disabled
 Parallel Workers: 10
 Concurrent Workers: 3
 Concurrent Refinement Workers: 10
 Periodic GC: Disabled
Heap:
 garbage-first heap   total 181248K, used 64512K [0x0000000084e00000, 0x0000000100000000)
  region size 1024K, 12 young (12288K), 12 survivors (12288K)
 Metaspace       used 18962K, committed 19328K, reserved 1114112K
  class space    used 2094K, committed 2240K, reserved 1048576K
GC Heap History (17 events):
Event: 0.307 GC heap before
{Heap before GC invocations=0 (full 0):
 garbage-first heap   total 126976K, used 23552K [0x0000000084e00000, 0x0000000100000000)
  region size 1024K, 23 young (23552K), 0 survivors (0K)
 Metaspace       used 2642K, committed 2816K, reserved 1114112K
  class space    used 272K, committed 384K, reserved 1048576K
}
Event: 0.310 GC heap after
{Heap after GC invocations=1 (full 0):
 garbage-first heap   total 126976K, used 2528K [0x0000000084e00000, 0x0000000100000000)
  region size 1024K, 3 young (3072K), 3 survivors (3072K)
 Metaspace       used 2642K, committed 2816K, reserved 1114112K
  class space    used 272K, committed 384K, reserved 1048576K
}
Event: 0.846 GC heap before
{Heap before GC invocations=1 (full 0):
 garbage-first heap   total 126976K, used 39392K [0x0000000084e00000, 0x0000000100000000)
  region size 1024K, 38 young (38912K), 3 survivors (3072K)
 Metaspace       used 13478K, committed 13760K, reserved 1114112K
  class space    used 1609K, committed 1728K, reserved 1048576K
}
Event: 0.855 GC heap after
{Heap after GC invocations=2 (full 0):
 garbage-first heap   total 126976K, used 8908K [0x0000000084e00000, 0x0000000100000000)
  region size 1024K, 5 young (5120K), 5 survivors (5120K)
 Metaspace       used 13478K, committed 13760K, reserved 1114112K
  class space    used 1609K, committed 1728K, reserved 1048576K
}
Event: 1.168 GC heap before
{Heap before GC invocations=2 (full 0):
 garbage-first heap   total 126976K, used 58060K [0x0000000084e00000, 0x0000000100000000)
  region size 1024K, 54 young (55296K), 5 survivors (5120K)
 Metaspace       used 16546K, committed 16832K, reserved 1114112K
  class space    used 1958K, committed 2112K, reserved 1048576K
}
Event: 1.182 GC heap after
{Heap after GC invocations=3 (full 0):
 garbage-first heap   total 126976K, used 14517K [0x0000000084e00000, 0x0000000100000000)
  region size 1024K, 7 young (7168K), 7 survivors (7168K)
 Metaspace       used 16546K, committed 16832K, reserved 1114112K
  class space    used 1958K, committed 2112K, reserved 1048576K
}
Event: 1.327 GC heap before
{Heap before GC invocations=3 (full 0):
 garbage-first heap   total 126976K, used 83125K [0x0000000084e00000, 0x0000000100000000)
  region size 1024K, 74 young (75776K), 7 survivors (7168K)
 Metaspace       used 16812K, committed 17088K, reserved 1114112K
  class space    used 1964K, committed 2112K, reserved 1048576K
}
Event: 1.344 GC heap after
{Heap after GC invocations=4 (full 0):
 garbage-first heap   total 126976K, used 24147K [0x0000000084e00000, 0x0000000100000000)
  region size 1024K, 10 young (10240K), 10 survivors (10240K)
 Metaspace       used 16812K, committed 17088K, reserved 1114112K
  class space    used 1964K, committed 2112K, reserved 1048576K
}
Event: 1.480 GC heap before
{Heap before GC invocations=4 (full 0):
 garbage-first heap   total 126976K, used 85587K [0x0000000084e00000, 0x0000000100000000)
  region size 1024K, 71 young (72704K), 10 survivors (10240K)
 Metaspace       used 17079K, committed 17408K, reserved 1114112K
  class space    used 1967K, committed 2112K, reserved 1048576K
}
Event: 1.498 GC heap after
{Heap after GC invocations=5 (full 0):
 garbage-first heap   total 181248K, used 32256K [0x0000000084e00000, 0x0000000100000000)
  region size 1024K, 8 young (8192K), 8 survivors (8192K)
 Metaspace       used 17079K, committed 17408K, reserved 1114112K
  class space    used 1967K, committed 2112K, reserved 1048576K
}
Event: 1.711 GC heap before
{Heap before GC invocations=5 (full 0):
 garbage-first heap   total 181248K, used 123392K [0x0000000084e00000, 0x0000000100000000)
  region size 1024K, 97 young (99328K), 8 survivors (8192K)
 Metaspace       used 17354K, committed 17664K, reserved 1114112K
  class space    used 1975K, committed 2112K, reserved 1048576K
}
Event: 1.723 GC heap after
{Heap after GC invocations=6 (full 0):
 garbage-first heap   total 181248K, used 41184K [0x0000000084e00000, 0x0000000100000000)
  region size 1024K, 9 young (9216K), 9 survivors (9216K)
 Metaspace       used 17354K, committed 17664K, reserved 1114112K
  class space    used 1975K, committed 2112K, reserved 1048576K
}
Event: 2.335 GC heap before
{Heap before GC invocations=6 (full 0):
 garbage-first heap   total 181248K, used 134368K [0x0000000084e00000, 0x0000000100000000)
  region size 1024K, 94 young (96256K), 9 survivors (9216K)
 Metaspace       used 18247K, committed 18624K, reserved 1114112K
  class space    used 2048K, committed 2240K, reserved 1048576K
}
Event: 2.345 GC heap after
{Heap after GC invocations=7 (full 0):
 garbage-first heap   total 181248K, used 44032K [0x0000000084e00000, 0x0000000100000000)
  region size 1024K, 3 young (3072K), 3 survivors (3072K)
 Metaspace       used 18247K, committed 18624K, reserved 1114112K
  class space    used 2048K, committed 2240K, reserved 1048576K
}
Event: 2.818 GC heap before
{Heap before GC invocations=7 (full 0):
 garbage-first heap   total 181248K, used 137216K [0x0000000084e00000, 0x0000000100000000)
  region size 1024K, 92 young (94208K), 3 survivors (3072K)
 Metaspace       used 18434K, committed 18816K, reserved 1114112K
  class space    used 2053K, committed 2240K, reserved 1048576K
}
Event: 2.828 GC heap after
{Heap after GC invocations=8 (full 0):
 garbage-first heap   total 181248K, used 48317K [0x0000000084e00000, 0x0000000100000000)
  region size 1024K, 8 young (8192K), 8 survivors (8192K)
 Metaspace       used 18434K, committed 18816K, reserved 1114112K
  class space    used 2053K, committed 2240K, reserved 1048576K
}
Event: 3.142 GC heap before
{Heap before GC invocations=8 (full 0):
 garbage-first heap   total 181248K, used 142525K [0x0000000084e00000, 0x0000000100000000)
  region size 1024K, 95 young (97280K), 8 survivors (8192K)
 Metaspace       used 18962K, committed 19328K, reserved 1114112K
  class space    used 2094K, committed 2240K, reserved 1048576K
}

